<?xml version="1.0" encoding="UTF-8"?>
<!-- Generated by org.testng.reporters.JUnitReportReporter -->
<testsuite hostname="Veerendra-PC" name="com.qa.tests.OrangeHRM_Functionality" tests="2" failures="0" timestamp="9 Aug 2019 04:59:43 GMT" time="27.235" errors="0">
  <testcase name="pagetitleverify" time="13.113" classname="com.qa.tests.OrangeHRM_Functionality"/>
  <testcase name="verifylogin" time="14.122" classname="com.qa.tests.OrangeHRM_Functionality"/>
</testsuite> <!-- com.qa.tests.OrangeHRM_Functionality -->
